<?xml version="1.0" encoding="UTF-8"?>
<testsuites name="jest tests" tests="16" failures="0" errors="0" time="2.614">
  <testsuite name="DocumentController (e2e)" errors="0" failures="0" skipped="0" timestamp="2026-02-03T02:16:56" time="1.097" tests="9">
    <testcase classname="DocumentController (e2e) GET /document 요청이 성공하면 200 상태코드와 문서 목록을 반환해야 한다" name="DocumentController (e2e) GET /document 요청이 성공하면 200 상태코드와 문서 목록을 반환해야 한다" time="0.042">
    </testcase>
    <testcase classname="DocumentController (e2e) GET /document 유효하지 않은 type 파라미터 요청 시 400 에러를 반환해야 한다" name="DocumentController (e2e) GET /document 유효하지 않은 type 파라미터 요청 시 400 에러를 반환해야 한다" time="0.005">
    </testcase>
    <testcase classname="DocumentController (e2e) POST /document/cover-letter/create 자기소개서를 생성하고 201 상태코드를 반환해야 한다" name="DocumentController (e2e) POST /document/cover-letter/create 자기소개서를 생성하고 201 상태코드를 반환해야 한다" time="0.033">
    </testcase>
    <testcase classname="DocumentController (e2e) POST /document/cover-letter/create 제목(title) 누락 시 400 에러를 반환해야 한다" name="DocumentController (e2e) POST /document/cover-letter/create 제목(title) 누락 시 400 에러를 반환해야 한다" time="0.002">
    </testcase>
    <testcase classname="DocumentController (e2e) GET /document/{id}/cover-letter 존재하는 자기소개서 ID 조회 시 200 상태코드와 데이터를 반환해야 한다" name="DocumentController (e2e) GET /document/{id}/cover-letter 존재하는 자기소개서 ID 조회 시 200 상태코드와 데이터를 반환해야 한다" time="0.014">
    </testcase>
    <testcase classname="DocumentController (e2e) GET /document/{id}/cover-letter 존재하지 않는 ID 조회 시 404 에러를 반환해야 한다" name="DocumentController (e2e) GET /document/{id}/cover-letter 존재하지 않는 ID 조회 시 404 에러를 반환해야 한다" time="0.005">
    </testcase>
    <testcase classname="DocumentController (e2e) DELETE /document 여러 문서를 일괄 삭제하고 결과를 반환해야 한다 (성공 케이스)" name="DocumentController (e2e) DELETE /document 여러 문서를 일괄 삭제하고 결과를 반환해야 한다 (성공 케이스)" time="0.034">
    </testcase>
    <testcase classname="DocumentController (e2e) DELETE /document 일부 문서만 존재할 경우 400 BadRequest를 반환해야 한다" name="DocumentController (e2e) DELETE /document 일부 문서만 존재할 경우 400 BadRequest를 반환해야 한다" time="0.01">
    </testcase>
    <testcase classname="DocumentController (e2e) DELETE /document 존재하지 않는 문서들만 요청 시 400 BadRequest를 반환해야 한다" name="DocumentController (e2e) DELETE /document 존재하지 않는 문서들만 요청 시 400 BadRequest를 반환해야 한다" time="0.003">
    </testcase>
  </testsuite>
  <testsuite name="UserController (e2e)" errors="0" failures="0" skipped="0" timestamp="2026-02-03T02:16:57" time="0.526" tests="2">
    <testcase classname="UserController (e2e) GET /user/me 유효한 토큰으로 요청 시 내 정보를 반환해야 한다 (200)" name="UserController (e2e) GET /user/me 유효한 토큰으로 요청 시 내 정보를 반환해야 한다 (200)" time="0.004">
    </testcase>
    <testcase classname="UserController (e2e) GET /user/me 토큰이 없으면 401을 반환해야 한다" name="UserController (e2e) GET /user/me 토큰이 없으면 401을 반환해야 한다" time="0.001">
    </testcase>
  </testsuite>
  <testsuite name="AuthController (e2e)" errors="0" failures="0" skipped="0" timestamp="2026-02-03T02:16:58" time="0.478" tests="2">
    <testcase classname="AuthController (e2e) GET /auth/login/url/google 구글 로그인 URL을 반환해야 한다" name="AuthController (e2e) GET /auth/login/url/google 구글 로그인 URL을 반환해야 한다" time="0.003">
    </testcase>
    <testcase classname="AuthController (e2e) GET /auth/signup/oauth 구글 인증 코드로 토큰을 발급받아야 한다" name="AuthController (e2e) GET /auth/signup/oauth 구글 인증 코드로 토큰을 발급받아야 한다" time="0.007">
    </testcase>
  </testsuite>
  <testsuite name="InterviewController (e2e)" errors="0" failures="0" skipped="0" timestamp="2026-02-03T02:16:58" time="0.301" tests="3">
    <testcase classname="InterviewController (e2e) GET /interview 요청이 성공하면 200 상태코드와 면접 목록을 반환해야 한다 (최소 1개 이상)" name="InterviewController (e2e) GET /interview 요청이 성공하면 200 상태코드와 면접 목록을 반환해야 한다 (최소 1개 이상)" time="0.007">
    </testcase>
    <testcase classname="InterviewController (e2e) POST /interview/tech/create 기술 면접을 생성하고 201 상태코드를 반환해야 한다" name="InterviewController (e2e) POST /interview/tech/create 기술 면접을 생성하고 201 상태코드를 반환해야 한다" time="0.036">
    </testcase>
    <testcase classname="InterviewController (e2e) POST /interview/tech/question 다음 질문을 생성하고 200 상태코드를 반환해야 한다" name="InterviewController (e2e) POST /interview/tech/question 다음 질문을 생성하고 200 상태코드를 반환해야 한다" time="0.005">
    </testcase>
  </testsuite>
</testsuites>